<?xml version="1.0" encoding="UTF-8"?>
<!-- Generated by org.testng.reporters.JUnitReportReporter -->
<testsuite hostname="SARAVANANR" failures="0" tests="1" name="TestNGDemo.TestNGDemo2" time="4.157" errors="0" timestamp="2022-01-21T15:46:36 IST" skipped="0">
  <testcase classname="TestNGDemo.TestNGDemo2" name="TS002" time="4.157"/>
  <system-out/>
</testsuite> <!-- TestNGDemo.TestNGDemo2 -->
