<?xml version="1.0" encoding="UTF-8"?>
<!-- Generated by org.testng.reporters.JUnitReportReporter -->
<testsuite hostname="SARAVANANR" failures="0" tests="1" name="Selenium_Tests.Demo2_Facebook5" time="9.922" errors="0" timestamp="2022-01-20T17:55:54 IST" skipped="0">
  <testcase classname="Selenium_Tests.Demo2_Facebook5" name="TS002" time="9.922"/>
  <system-out/>
</testsuite> <!-- Selenium_Tests.Demo2_Facebook5 -->
