<?xml version="1.0" encoding="UTF-8"?>
<!-- Generated by org.testng.reporters.JUnitReportReporter -->
<testsuite hostname="SARAVANANR" failures="0" tests="1" name="TestNGDemo.TestNGDAY1" time="4.261" errors="0" timestamp="2022-01-24T12:26:01 IST" skipped="0">
  <testcase classname="TestNGDemo.TestNGDAY1" name="TS001" time="4.261"/>
  <system-out>
This is from TESTNG........................  </system-out>
</testsuite> <!-- TestNGDemo.TestNGDAY1 -->
