<?xml version="1.0" encoding="UTF-8"?>
<!-- Generated by org.testng.reporters.JUnitReportReporter -->
<testsuite hostname="SARAVANANR" failures="0" tests="1" name="TestNGDemo.TestNGDAY3" time="4.594" errors="0" timestamp="2022-01-21T17:39:27 IST" skipped="0">
  <testcase classname="TestNGDemo.TestNGDAY3" name="TS001" time="4.594"/>
  <system-out/>
</testsuite> <!-- TestNGDemo.TestNGDAY3 -->
