<?xml version="1.0" encoding="UTF-8"?>
<!-- Generated by org.testng.reporters.JUnitReportReporter -->
<testsuite hostname="SARAVANANR" failures="0" tests="1" name="TestNGDemo.TestNGDemo1" time="16.166" errors="0" timestamp="2022-01-20T18:21:36 IST" skipped="0">
  <testcase classname="TestNGDemo.TestNGDemo1" name="TS001" time="16.166"/>
  <system-out/>
</testsuite> <!-- TestNGDemo.TestNGDemo1 -->
