<?xml version="1.0" encoding="UTF-8"?>
<!-- Generated by org.testng.reporters.JUnitReportReporter -->
<testsuite hostname="SARAVANANR" failures="0" tests="1" name="Project.DDF" time="0.240" errors="0" timestamp="2022-01-24T18:32:49 IST" skipped="0">
  <testcase classname="Project.DDF" name="TS001" time="0.240"/>
  <system-out/>
</testsuite> <!-- Project.DDF -->
