<?xml version="1.0" encoding="UTF-8"?>
<!-- Generated by org.testng.reporters.JUnitReportReporter -->
<testsuite hostname="SARAVANANR" failures="0" tests="1" name="TestNGDemo.TestNGDAY6" time="12.499" errors="0" timestamp="2022-01-21T17:54:08 IST" skipped="0">
  <testcase classname="TestNGDemo.TestNGDAY6" name="TS001" time="12.499"/>
  <system-out/>
</testsuite> <!-- TestNGDemo.TestNGDAY6 -->
