<?xml version="1.0" encoding="UTF-8"?>
<!-- Generated by org.testng.reporters.JUnitReportReporter -->
<testsuite hostname="SARAVANANR" failures="0" tests="2" name="TestNGDemo.TestNGDemo6" time="0.008" errors="0" timestamp="2022-01-24T15:22:42 IST" skipped="0">
  <testcase classname="TestNGDemo.TestNGDemo6" name="CloseBrowser" time="0.001"/>
  <system-out>
Closing Browser.......  </system-out>
  <testcase classname="TestNGDemo.TestNGDemo6" name="OpenBrowser" time="0.007"/>
  <system-out>
Opening Browser.......  </system-out>
</testsuite> <!-- TestNGDemo.TestNGDemo6 -->
