<?xml version="1.0" encoding="UTF-8"?>
<!-- Generated by org.testng.reporters.JUnitReportReporter -->
<testsuite hostname="SARAVANANR" failures="0" tests="1" name="TestNGDemo.TestNGDAY5" time="9.424" errors="0" timestamp="2022-01-21T17:54:08 IST" skipped="0">
  <testcase classname="TestNGDemo.TestNGDAY5" name="TS001" time="9.424"/>
  <system-out/>
</testsuite> <!-- TestNGDemo.TestNGDAY5 -->
