<?xml version="1.0" encoding="UTF-8"?>
<!-- Generated by org.testng.reporters.JUnitReportReporter -->
<testsuite hostname="SARAVANANR" failures="0" tests="1" name="TestNGDemo.TestNGDAY7" time="10.761" errors="0" timestamp="2022-01-21T17:53:10 IST" skipped="0">
  <testcase classname="TestNGDemo.TestNGDAY7" name="TS001" time="10.761"/>
  <system-out/>
</testsuite> <!-- TestNGDemo.TestNGDAY7 -->
