<?xml version="1.0" encoding="UTF-8"?>
<!-- Generated by org.testng.reporters.JUnitReportReporter -->
<testsuite hostname="SARAVANANR" failures="0" tests="1" name="TestNGDemo.TestNGDemo4" time="4.334" errors="0" timestamp="2022-01-21T13:25:28 IST" skipped="0">
  <testcase classname="TestNGDemo.TestNGDemo4" name="TS001" time="4.334"/>
  <system-out/>
</testsuite> <!-- TestNGDemo.TestNGDemo4 -->
