<?xml version="1.0" encoding="UTF-8"?>
<!-- Generated by org.testng.reporters.JUnitReportReporter -->
<testsuite hostname="SARAVANANR" failures="0" tests="1" name="TestNGDemo.TestNGDemo4" time="4.627" errors="0" timestamp="2022-01-24T15:19:34 IST" skipped="0">
  <testcase classname="TestNGDemo.TestNGDemo4" name="TS001" time="4.627"/>
  <system-out/>
</testsuite> <!-- TestNGDemo.TestNGDemo4 -->
