<?xml version="1.0" encoding="UTF-8"?>
<!-- Generated by org.testng.reporters.JUnitReportReporter -->
<testsuite hostname="SARAVANANR" failures="0" tests="1" name="TestNGDemo.TestNGDemo3" time="4.548" errors="0" timestamp="2022-01-21T13:19:05 IST" skipped="0">
  <testcase classname="TestNGDemo.TestNGDemo3" name="TS001" time="4.548"/>
  <system-out/>
</testsuite> <!-- TestNGDemo.TestNGDemo3 -->
