<?xml version="1.0" encoding="UTF-8"?>
<!-- Generated by org.testng.reporters.JUnitReportReporter -->
<testsuite hostname="SARAVANANR" failures="0" tests="1" name="TestNGDemo.TestNGDemo5" time="5.232" errors="0" timestamp="2022-01-24T18:18:01 IST" skipped="0">
  <testcase classname="TestNGDemo.TestNGDemo5" name="TS002" time="5.232"/>
  <system-out/>
</testsuite> <!-- TestNGDemo.TestNGDemo5 -->
